TN:
SF:dist/src/commanding-data.js
FN:1,stringsOption
FN:8,stringOption
FN:15,choiceOption
FNF:3
FNH:3
FNDA:20,stringsOption
FNDA:8,stringOption
FNDA:12,choiceOption
DA:1,2
DA:2,20
DA:3,20
DA:4,20
DA:5,20
DA:6,20
DA:7,2
DA:8,2
DA:9,8
DA:10,8
DA:11,8
DA:12,8
DA:13,8
DA:14,2
DA:15,2
DA:16,12
DA:17,12
DA:18,12
DA:19,12
DA:20,12
DA:21,2
DA:22,2
DA:23,2
DA:24,2
DA:25,2
DA:26,2
DA:27,2
DA:28,2
DA:29,2
DA:30,2
DA:31,2
DA:32,2
DA:33,2
DA:34,2
DA:35,2
DA:36,2
DA:37,2
DA:38,2
DA:39,2
DA:40,2
DA:41,2
DA:42,2
DA:43,2
DA:44,2
DA:45,2
DA:46,2
DA:47,2
DA:48,2
DA:49,2
DA:50,2
DA:51,2
DA:52,2
DA:53,2
DA:54,2
DA:55,2
DA:56,2
DA:57,2
DA:58,2
DA:59,2
DA:60,2
DA:61,2
DA:62,2
DA:63,2
DA:64,2
DA:65,2
DA:66,2
DA:67,2
DA:68,2
DA:69,2
DA:70,2
DA:71,2
DA:72,2
DA:73,2
DA:74,2
DA:75,2
DA:76,2
DA:77,2
DA:78,2
DA:79,2
DA:80,2
DA:81,2
DA:82,2
DA:83,2
DA:84,2
DA:85,2
DA:86,2
DA:87,2
DA:88,2
DA:89,2
DA:90,2
DA:91,2
LF:91
LH:91
BRDA:1,0,0,2
BRDA:1,1,0,20
BRDA:8,2,0,8
BRDA:15,3,0,12
BRDA:20,4,0,2
BRF:5
BRH:5
end_of_record
TN:
SF:dist/src/path-filtering.js
FN:14,hasPathStarting
FN:15,status
FN:19,byFileQuery
FN:20,startsWith
FN:21,endsWith
FN:22,includes
FN:23,tagIncludes
FN:44,optionOrEmpty
FN:45,filteringToCommanderStrings
FN:69,findByIdx
FN:73,commanderStringsToFiltering
FN:80,useEndIndex
FN:86,findValuesbyName
FNF:13
FNH:13
FNDA:42,hasPathStarting
FNDA:210,status
FNDA:21,byFileQuery
FNDA:4,startsWith
FNDA:4,endsWith
FNDA:4,includes
FNDA:4,tagIncludes
FNDA:20,optionOrEmpty
FNDA:2,filteringToCommanderStrings
FNDA:9,findByIdx
FNDA:3,commanderStringsToFiltering
FNDA:12,useEndIndex
FNDA:30,findValuesbyName
DA:1,2
DA:2,2
DA:3,2
DA:4,2
DA:5,2
DA:6,2
DA:7,2
DA:8,2
DA:9,2
DA:10,2
DA:11,2
DA:12,2
DA:13,2
DA:14,2
DA:15,2
DA:16,210
DA:17,210
DA:18,2
DA:19,2
DA:20,21
DA:21,21
DA:22,21
DA:23,21
DA:24,21
DA:25,21
DA:26,21
DA:27,21
DA:28,21
DA:29,21
DA:30,21
DA:31,21
DA:32,21
DA:33,21
DA:34,21
DA:35,21
DA:36,21
DA:37,21
DA:38,21
DA:39,21
DA:40,21
DA:41,21
DA:42,21
DA:43,2
DA:44,2
DA:45,2
DA:46,2
DA:47,2
DA:48,2
DA:49,2
DA:50,2
DA:51,2
DA:52,2
DA:53,2
DA:54,2
DA:55,2
DA:56,2
DA:57,2
DA:58,2
DA:59,2
DA:60,2
DA:61,2
DA:62,2
DA:63,2
DA:64,2
DA:65,2
DA:66,2
DA:67,2
DA:68,2
DA:69,2
DA:70,9
DA:71,9
DA:72,2
DA:73,2
DA:74,3
DA:75,24
DA:76,24
DA:77,3
DA:78,3
DA:79,3
DA:80,3
DA:81,3
DA:82,12
DA:83,12
DA:84,12
DA:85,3
DA:86,3
DA:87,30
DA:88,30
DA:89,3
DA:90,3
DA:91,3
DA:92,3
DA:93,3
DA:94,3
DA:95,3
DA:96,3
DA:97,3
DA:98,3
DA:99,3
DA:100,3
DA:101,3
DA:102,3
DA:103,2
LF:103
LH:103
BRDA:1,0,0,2
BRDA:14,1,0,42
BRDA:14,2,0,4
BRDA:14,3,0,4
BRDA:15,4,0,210
BRDA:19,5,0,21
BRDA:19,6,0,21
BRDA:42,7,0,16
BRDA:20,8,0,4
BRDA:21,9,0,4
BRDA:22,10,0,4
BRDA:23,11,0,4
BRDA:31,12,0,105
BRDA:32,13,0,10
BRDA:40,14,0,105
BRDA:41,15,0,10
BRDA:44,16,0,20
BRDA:44,17,0,9
BRDA:44,18,0,11
BRDA:45,19,0,2
BRDA:69,20,0,9
BRDA:71,21,0,0
BRDA:71,22,0,0
BRDA:73,23,0,3
BRDA:74,24,0,24
BRDA:78,25,0,24
BRDA:80,26,0,12
BRDA:81,27,0,12
BRDA:84,28,0,3
BRDA:84,29,0,9
BRDA:86,30,0,30
BRDA:88,31,0,12
BRDA:88,32,0,18
BRDA:87,33,0,75
BRF:34
BRH:32
end_of_record
TN:
SF:dist/src/text-helper.js
FN:1,createWrappingWord
FN:10,mergeWrappingWords
FN:30,wrapWord
FN:38,getMdLineType
FN:70,normalizeMdLine
FNF:5
FNH:5
FNDA:51,createWrappingWord
FNDA:4,mergeWrappingWords
FNDA:4,wrapWord
FNDA:7,getMdLineType
FNDA:7,normalizeMdLine
DA:1,1
DA:2,51
DA:3,51
DA:4,51
DA:5,51
DA:6,51
DA:7,51
DA:8,1
DA:9,1
DA:10,1
DA:11,47
DA:12,47
DA:13,47
DA:14,6
DA:15,6
DA:16,6
DA:17,6
DA:18,6
DA:19,6
DA:20,6
DA:21,47
DA:22,41
DA:23,41
DA:24,41
DA:25,41
DA:26,41
DA:27,41
DA:28,47
DA:29,1
DA:30,1
DA:31,4
DA:32,4
DA:33,4
DA:34,4
DA:35,4
DA:36,4
DA:37,1
DA:38,1
DA:39,7
DA:40,7
DA:41,1
DA:42,1
DA:43,7
DA:44,1
DA:45,1
DA:46,7
DA:47,1
DA:48,1
DA:49,7
DA:50,1
DA:51,1
DA:52,7
DA:53,1
DA:54,1
DA:55,7
DA:56,1
DA:57,1
DA:58,1
DA:59,1
DA:60,1
DA:61,0
DA:62,1
DA:63,1
DA:64,1
DA:65,1
DA:66,1
DA:67,1
DA:68,1
DA:69,1
DA:70,1
DA:71,7
DA:72,7
DA:73,7
DA:74,7
DA:75,7
DA:76,7
DA:77,4
DA:78,4
DA:79,7
DA:80,0
DA:81,0
DA:82,3
DA:83,3
DA:84,3
DA:85,7
DA:86,1
DA:87,1
DA:88,1
DA:89,7
DA:90,1
DA:91,1
DA:92,1
DA:93,1
DA:94,1
DA:95,1
DA:96,1
DA:97,1
DA:98,1
DA:99,0
DA:100,1
LF:100
LH:96
BRDA:1,0,0,1
BRDA:1,1,0,51
BRDA:10,2,0,4
BRDA:10,3,0,47
BRDA:13,4,0,6
BRDA:21,5,0,41
BRDA:30,6,0,4
BRDA:35,7,0,0
BRDA:38,8,0,7
BRDA:40,9,0,1
BRDA:43,10,0,6
BRDA:43,11,0,1
BRDA:46,12,0,5
BRDA:46,13,0,1
BRDA:49,14,0,4
BRDA:49,15,0,1
BRDA:52,16,0,3
BRDA:52,17,0,1
BRDA:55,18,0,2
BRDA:55,19,0,1
BRDA:61,20,0,0
BRDA:70,21,0,7
BRDA:72,22,0,6
BRDA:73,23,0,5
BRDA:74,24,0,4
BRDA:76,25,0,4
BRDA:79,26,0,3
BRDA:79,27,0,0
BRDA:82,28,0,3
BRDA:85,29,0,1
BRDA:89,30,0,2
BRDA:89,31,0,1
BRDA:99,32,0,0
BRDA:96,33,0,2
BRF:34
BRH:30
end_of_record
